<?xml version="1.0" encoding="UTF-8"?>
<testsuite xmlns:xsi="http://www.w3.org/2001/XMLSchema-instance" xsi:noNamespaceSchemaLocation="https://maven.apache.org/surefire/maven-surefire-plugin/xsd/surefire-test-report.xsd" name="com.demo.unittest.AllUnitTests" time="0.602" tests="3" errors="0" skipped="0" failures="0">
  <properties>
[...]
</properties>
  <testcase name="testRun_InvalidFilePath" classname="com.demo.unittest.AllUnitTests" time="0.003"/>
  <testcase name="testRun_EmptyFile" classname="com.demo.unittest.AllUnitTests" time="0.002"/>
  <testcase name="testRun_ValidFile" classname="com.demo.unittest.AllUnitTests" time="0.294"/>
</testsuite>